0 info it worked if it ends with ok
1 verbose cli [ '/usr/local/bin/node',
1 verbose cli   '/usr/local/bin/npm',
1 verbose cli   'install',
1 verbose cli   'codeflower' ]
2 info using npm@2.15.8
3 info using node@v4.4.7
4 verbose install initial load of /Users/matt/Development/hackathon/DuplicationTree/package.json
5 verbose installManyTop reading scoped package data from /Users/matt/Development/hackathon/DuplicationTree/node_modules/babel-core/package.json
6 verbose installManyTop reading scoped package data from /Users/matt/Development/hackathon/DuplicationTree/node_modules/babel-preset-es2015/package.json
7 verbose installManyTop reading scoped package data from /Users/matt/Development/hackathon/DuplicationTree/node_modules/babel-register/package.json
8 verbose installManyTop reading scoped package data from /Users/matt/Development/hackathon/DuplicationTree/node_modules/browser-sync/package.json
9 verbose installManyTop reading scoped package data from /Users/matt/Development/hackathon/DuplicationTree/node_modules/d3/package.json
10 verbose installManyTop reading scoped package data from /Users/matt/Development/hackathon/DuplicationTree/node_modules/del/package.json
11 verbose installManyTop reading scoped package data from /Users/matt/Development/hackathon/DuplicationTree/node_modules/gulp/package.json
12 verbose installManyTop reading scoped package data from /Users/matt/Development/hackathon/DuplicationTree/node_modules/gulp-autoprefixer/package.json
13 verbose installManyTop reading scoped package data from /Users/matt/Development/hackathon/DuplicationTree/node_modules/gulp-babel/package.json
14 verbose installManyTop reading scoped package data from /Users/matt/Development/hackathon/DuplicationTree/node_modules/gulp-cache/package.json
15 verbose installManyTop reading scoped package data from /Users/matt/Development/hackathon/DuplicationTree/node_modules/gulp-cssnano/package.json
16 verbose installManyTop reading scoped package data from /Users/matt/Development/hackathon/DuplicationTree/node_modules/gulp-eslint/package.json
17 verbose installManyTop reading scoped package data from /Users/matt/Development/hackathon/DuplicationTree/node_modules/gulp-htmlmin/package.json
18 verbose installManyTop reading scoped package data from /Users/matt/Development/hackathon/DuplicationTree/node_modules/gulp-if/package.json
19 verbose installManyTop reading scoped package data from /Users/matt/Development/hackathon/DuplicationTree/node_modules/gulp-imagemin/package.json
20 verbose installManyTop reading scoped package data from /Users/matt/Development/hackathon/DuplicationTree/node_modules/gulp-load-plugins/package.json
21 verbose installManyTop reading scoped package data from /Users/matt/Development/hackathon/DuplicationTree/node_modules/gulp-plumber/package.json
22 verbose installManyTop reading scoped package data from /Users/matt/Development/hackathon/DuplicationTree/node_modules/gulp-sass/package.json
23 verbose installManyTop reading scoped package data from /Users/matt/Development/hackathon/DuplicationTree/node_modules/gulp-size/package.json
24 verbose installManyTop reading scoped package data from /Users/matt/Development/hackathon/DuplicationTree/node_modules/gulp-sourcemaps/package.json
25 verbose installManyTop reading scoped package data from /Users/matt/Development/hackathon/DuplicationTree/node_modules/gulp-uglify/package.json
26 verbose installManyTop reading scoped package data from /Users/matt/Development/hackathon/DuplicationTree/node_modules/gulp-useref/package.json
27 verbose installManyTop reading scoped package data from /Users/matt/Development/hackathon/DuplicationTree/node_modules/main-bower-files/package.json
28 verbose installManyTop reading scoped package data from /Users/matt/Development/hackathon/DuplicationTree/node_modules/wiredep/package.json
29 info package.json wiredep@2.2.2 No license field.
30 verbose readDependencies loading dependencies from /Users/matt/Development/hackathon/DuplicationTree/package.json
31 silly cache add args [ 'codeflower', null ]
32 verbose cache add spec codeflower
33 silly cache add parsed spec Result {
33 silly cache add   raw: 'codeflower',
33 silly cache add   scope: null,
33 silly cache add   name: 'codeflower',
33 silly cache add   rawSpec: '',
33 silly cache add   spec: 'latest',
33 silly cache add   type: 'tag' }
34 silly addNamed codeflower@latest
35 verbose addNamed "latest" is being treated as a dist-tag for codeflower
36 info addNameTag [ 'codeflower', 'latest' ]
37 silly mapToRegistry name codeflower
38 silly mapToRegistry using default registry
39 silly mapToRegistry registry https://registry.npmjs.org/
40 silly mapToRegistry data Result {
40 silly mapToRegistry   raw: 'codeflower',
40 silly mapToRegistry   scope: null,
40 silly mapToRegistry   name: 'codeflower',
40 silly mapToRegistry   rawSpec: '',
40 silly mapToRegistry   spec: 'latest',
40 silly mapToRegistry   type: 'tag' }
41 silly mapToRegistry uri https://registry.npmjs.org/codeflower
42 verbose addNameTag registry:https://registry.npmjs.org/codeflower not in flight; fetching
43 verbose request uri https://registry.npmjs.org/codeflower
44 verbose request no auth needed
45 info attempt registry request try #1 at 11:03:28 AM
46 verbose request id cff7aefc1a31c838
47 http request GET https://registry.npmjs.org/codeflower
48 http 404 https://registry.npmjs.org/codeflower
49 verbose headers { 'content-type': 'application/json',
49 verbose headers   'cache-control': 'max-age=0',
49 verbose headers   'content-length': '2',
49 verbose headers   'accept-ranges': 'bytes',
49 verbose headers   date: 'Fri, 01 Jul 2016 10:03:28 GMT',
49 verbose headers   via: '1.1 varnish',
49 verbose headers   age: '0',
49 verbose headers   connection: 'keep-alive',
49 verbose headers   'x-served-by': 'cache-lhr6332-LHR',
49 verbose headers   'x-cache': 'MISS',
49 verbose headers   'x-cache-hits': '0',
49 verbose headers   'x-timer': 'S1467367408.867096,VS0,VE88',
49 verbose headers   vary: 'Accept-Encoding' }
50 silly get cb [ 404,
50 silly get   { 'content-type': 'application/json',
50 silly get     'cache-control': 'max-age=0',
50 silly get     'content-length': '2',
50 silly get     'accept-ranges': 'bytes',
50 silly get     date: 'Fri, 01 Jul 2016 10:03:28 GMT',
50 silly get     via: '1.1 varnish',
50 silly get     age: '0',
50 silly get     connection: 'keep-alive',
50 silly get     'x-served-by': 'cache-lhr6332-LHR',
50 silly get     'x-cache': 'MISS',
50 silly get     'x-cache-hits': '0',
50 silly get     'x-timer': 'S1467367408.867096,VS0,VE88',
50 silly get     vary: 'Accept-Encoding' } ]
51 verbose stack Error: Registry returned 404 for GET on https://registry.npmjs.org/codeflower
51 verbose stack     at makeError (/usr/local/lib/node_modules/npm/node_modules/npm-registry-client/lib/request.js:264:12)
51 verbose stack     at CachingRegistryClient.<anonymous> (/usr/local/lib/node_modules/npm/node_modules/npm-registry-client/lib/request.js:242:14)
51 verbose stack     at Request._callback (/usr/local/lib/node_modules/npm/node_modules/npm-registry-client/lib/request.js:172:14)
51 verbose stack     at Request.self.callback (/usr/local/lib/node_modules/npm/node_modules/request/request.js:200:22)
51 verbose stack     at emitTwo (events.js:87:13)
51 verbose stack     at Request.emit (events.js:172:7)
51 verbose stack     at Request.<anonymous> (/usr/local/lib/node_modules/npm/node_modules/request/request.js:1067:10)
51 verbose stack     at emitOne (events.js:82:20)
51 verbose stack     at Request.emit (events.js:169:7)
51 verbose stack     at IncomingMessage.<anonymous> (/usr/local/lib/node_modules/npm/node_modules/request/request.js:988:12)
52 verbose statusCode 404
53 verbose pkgid codeflower
54 verbose cwd /Users/matt/Development/hackathon/DuplicationTree
55 error Darwin 15.5.0
56 error argv "/usr/local/bin/node" "/usr/local/bin/npm" "install" "codeflower"
57 error node v4.4.7
58 error npm  v2.15.8
59 error code E404
60 error 404 Registry returned 404 for GET on https://registry.npmjs.org/codeflower
60 error 404
60 error 404 'codeflower' is not in the npm registry.
60 error 404 You should bug the author to publish it (or use the name yourself!)
60 error 404
60 error 404 Note that you can also install from a
60 error 404 tarball, folder, http url, or git url.
61 verbose exit [ 1, true ]
